react-dom-client.development.js:25630 Download the React DevTools for a better development experience: https://react.dev/link/react-devtools
Header.tsx:19 [Session] Status: loading User: none Time: 7:41:08 AM
SessionProvider.tsx:10 ClientFetchError: Unexpected token '<', "<!DOCTYPE "... is not valid JSON. Read more at https://errors.authjs.dev#autherror
    at fetchData (client.js:39:22)
    at async getSession (react.js:103:21)
    at async SessionProvider.useEffect [as _getSession] (react.js:251:43)
error @ intercept-console-error.ts:44
fetchData @ client.js:39
await in fetchData
getSession @ react.js:103
SessionProvider.useEffect @ react.js:251
SessionProvider.useEffect @ react.js:283
react_stack_bottom_frame @ react-dom-client.development.js:23668
runWithFiberInDEV @ react-dom-client.development.js:871
commitHookEffectListMount @ react-dom-client.development.js:12344
commitHookPassiveMountEffects @ react-dom-client.development.js:12465
commitPassiveMountOnFiber @ react-dom-client.development.js:14386
recursivelyTraversePassiveMountEffects @ react-dom-client.development.js:14359
commitPassiveMountOnFiber @ react-dom-client.development.js:14379
recursivelyTraversePassiveMountEffects @ react-dom-client.development.js:14359
commitPassiveMountOnFiber @ react-dom-client.development.js:14513
recursivelyTraversePassiveMountEffects @ react-dom-client.development.js:14359
commitPassiveMountOnFiber @ react-dom-client.development.js:14513
recursivelyTraversePassiveMountEffects @ react-dom-client.development.js:14359
commitPassiveMountOnFiber @ react-dom-client.development.js:14513
recursivelyTraversePassiveMountEffects @ react-dom-client.development.js:14359
commitPassiveMountOnFiber @ react-dom-client.development.js:14379
recursivelyTraversePassiveMountEffects @ react-dom-client.development.js:14359
commitPassiveMountOnFiber @ react-dom-client.development.js:14379
recursivelyTraversePassiveMountEffects @ react-dom-client.development.js:14359
commitPassiveMountOnFiber @ react-dom-client.development.js:14389
recursivelyTraversePassiveMountEffects @ react-dom-client.development.js:14359
commitPassiveMountOnFiber @ react-dom-client.development.js:14379
recursivelyTraversePassiveMountEffects @ react-dom-client.development.js:14359
commitPassiveMountOnFiber @ react-dom-client.development.js:14389
recursivelyTraversePassiveMountEffects @ react-dom-client.development.js:14359
commitPassiveMountOnFiber @ react-dom-client.development.js:14379
recursivelyTraversePassiveMountEffects @ react-dom-client.development.js:14359
commitPassiveMountOnFiber @ react-dom-client.development.js:14379
recursivelyTraversePassiveMountEffects @ react-dom-client.development.js:14359
commitPassiveMountOnFiber @ react-dom-client.development.js:14389
recursivelyTraversePassiveMountEffects @ react-dom-client.development.js:14359
commitPassiveMountOnFiber @ react-dom-client.development.js:14379
recursivelyTraversePassiveMountEffects @ react-dom-client.development.js:14359
commitPassiveMountOnFiber @ react-dom-client.development.js:14513
recursivelyTraversePassiveMountEffects @ react-dom-client.development.js:14359
commitPassiveMountOnFiber @ react-dom-client.development.js:14513
recursivelyTraversePassiveMountEffects @ react-dom-client.development.js:14359
commitPassiveMountOnFiber @ react-dom-client.development.js:14513
recursivelyTraversePassiveMountEffects @ react-dom-client.development.js:14359
commitPassiveMountOnFiber @ react-dom-client.development.js:14513
recursivelyTraversePassiveMountEffects @ react-dom-client.development.js:14359
commitPassiveMountOnFiber @ react-dom-client.development.js:14513
recursivelyTraversePassiveMountEffects @ react-dom-client.development.js:14359
commitPassiveMountOnFiber @ react-dom-client.development.js:14513
recursivelyTraversePassiveMountEffects @ react-dom-client.development.js:14359
commitPassiveMountOnFiber @ react-dom-client.development.js:14379
recursivelyTraversePassiveMountEffects @ react-dom-client.development.js:14359
commitPassiveMountOnFiber @ react-dom-client.development.js:14389
recursivelyTraversePassiveMountEffects @ react-dom-client.development.js:14359
commitPassiveMountOnFiber @ react-dom-client.development.js:14379
recursivelyTraversePassiveMountEffects @ react-dom-client.development.js:14359
commitPassiveMountOnFiber @ react-dom-client.development.js:14379
recursivelyTraversePassiveMountEffects @ react-dom-client.development.js:14359
commitPassiveMountOnFiber @ react-dom-client.development.js:14379
recursivelyTraversePassiveMountEffects @ react-dom-client.development.js:14359
commitPassiveMountOnFiber @ react-dom-client.development.js:14513
recursivelyTraversePassiveMountEffects @ react-dom-client.development.js:14359
commitPassiveMountOnFiber @ react-dom-client.development.js:14379
recursivelyTraversePassiveMountEffects @ react-dom-client.development.js:14359
commitPassiveMountOnFiber @ react-dom-client.development.js:14379
recursivelyTraversePassiveMountEffects @ react-dom-client.development.js:14359
commitPassiveMountOnFiber @ react-dom-client.development.js:14513
recursivelyTraversePassiveMountEffects @ react-dom-client.development.js:14359
commitPassiveMountOnFiber @ react-dom-client.development.js:14513
recursivelyTraversePassiveMountEffects @ react-dom-client.development.js:14359
commitPassiveMountOnFiber @ react-dom-client.development.js:14398
flushPassiveEffects @ react-dom-client.development.js:16337
(anonymous) @ react-dom-client.development.js:15973
performWorkUntilDeadline @ scheduler.development.js:45
<SessionProvider>
exports.jsxDEV @ react-jsx-dev-runtime.development.js:323
SessionProvider @ SessionProvider.tsx:10
react_stack_bottom_frame @ react-dom-client.development.js:23583
renderWithHooksAgain @ react-dom-client.development.js:6892
renderWithHooks @ react-dom-client.development.js:6804
updateFunctionComponent @ react-dom-client.development.js:9246
beginWork @ react-dom-client.development.js:10806
runWithFiberInDEV @ react-dom-client.development.js:871
performUnitOfWork @ react-dom-client.development.js:15726
workLoopConcurrentByScheduler @ react-dom-client.development.js:15720
renderRootConcurrent @ react-dom-client.development.js:15695
performWorkOnRoot @ react-dom-client.development.js:14989
performWorkOnRootViaSchedulerTask @ react-dom-client.development.js:16815
performWorkUntilDeadline @ scheduler.development.js:45
"use client"
RootLayout @ layout.tsx:43
initializeElement @ react-server-dom-turbopack-client.browser.development.js:1333
(anonymous) @ react-server-dom-turbopack-client.browser.development.js:3055
initializeModelChunk @ react-server-dom-turbopack-client.browser.development.js:1235
getOutlinedModel @ react-server-dom-turbopack-client.browser.development.js:1623
parseModelString @ react-server-dom-turbopack-client.browser.development.js:1982
(anonymous) @ react-server-dom-turbopack-client.browser.development.js:2985
initializeModelChunk @ react-server-dom-turbopack-client.browser.development.js:1235
resolveModelChunk @ react-server-dom-turbopack-client.browser.development.js:1092
processFullStringRow @ react-server-dom-turbopack-client.browser.development.js:2888
processFullBinaryRow @ react-server-dom-turbopack-client.browser.development.js:2755
processBinaryChunk @ react-server-dom-turbopack-client.browser.development.js:2958
progress @ react-server-dom-turbopack-client.browser.development.js:3222
<RootLayout>
initializeFakeTask @ react-server-dom-turbopack-client.browser.development.js:2518
initializeDebugInfo @ react-server-dom-turbopack-client.browser.development.js:2543
initializeDebugChunk @ react-server-dom-turbopack-client.browser.development.js:1182
processFullStringRow @ react-server-dom-turbopack-client.browser.development.js:2839
processFullBinaryRow @ react-server-dom-turbopack-client.browser.development.js:2755
processBinaryChunk @ react-server-dom-turbopack-client.browser.development.js:2958
progress @ react-server-dom-turbopack-client.browser.development.js:3222
"use server"
ResponseInstance @ react-server-dom-turbopack-client.browser.development.js:2030
createResponseFromOptions @ react-server-dom-turbopack-client.browser.development.js:3083
exports.createFromReadableStream @ react-server-dom-turbopack-client.browser.development.js:3460
__TURBOPACK__module__evaluation__ @ app-index.tsx:156
(anonymous) @ dev-base.ts:241
runModuleExecutionHooks @ dev-base.ts:275
instantiateModule @ dev-base.ts:235
getOrInstantiateModuleFromParent @ dev-base.ts:162
commonJsRequire @ runtime-utils.ts:366
(anonymous) @ app-next-turbopack.ts:11
(anonymous) @ app-bootstrap.ts:76
loadScriptsInSequence @ app-bootstrap.ts:22
appBootstrap @ app-bootstrap.ts:58
__TURBOPACK__module__evaluation__ @ app-next-turbopack.ts:10
(anonymous) @ dev-base.ts:241
runModuleExecutionHooks @ dev-base.ts:275
instantiateModule @ dev-base.ts:235
getOrInstantiateRuntimeModule @ dev-base.ts:128
registerChunk @ runtime-backend-dom.ts:57
await in registerChunk
registerChunk @ dev-base.ts:1146
(anonymous) @ dev-backend-dom.ts:126
(anonymous) @ dev-backend-dom.ts:126
Header.tsx:19 [Session] Status: unauthenticated User: none Time: 7:41:14 AM
turbopack-hot-reloader-common.ts:43 [Fast Refresh] rebuilding
report-hmr-latency.ts:26 [Fast Refresh] done in 1857ms
turbopack-hot-reloader-common.ts:43 [Fast Refresh] rebuilding
report-hmr-latency.ts:26 [Fast Refresh] done in 266ms
intercept-console-error.ts:44 ClientFetchError: Unexpected token '<', "<!DOCTYPE "... is not valid JSON. Read more at https://errors.authjs.dev#autherror
    at fetchData (client.js:39:22)
    at async getSession (react.js:103:21)
    at async SessionProvider.useEffect [as _getSession] (react.js:251:43)
error @ intercept-console-error.ts:44
fetchData @ client.js:39
await in fetchData
getSession @ react.js:103
SessionProvider.useEffect @ react.js:251
SessionProvider.useEffect.handle @ react.js:291
page.tsx:1182 [TimeSlots] Current time: 12/26/2025, 7:41:17 AM
page.tsx:1183 [TimeSlots] Selected date: 2025-12-26 Is today: true
page.tsx:1184 [TimeSlots] Day of week: 5
page.tsx:1216 [TimeSlots] Generated slots: 14
page.tsx:1182 [TimeSlots] Current time: 12/26/2025, 7:41:17 AM
page.tsx:1183 [TimeSlots] Selected date: 2025-12-26 Is today: true
page.tsx:1184 [TimeSlots] Day of week: 5
page.tsx:1216 [TimeSlots] Generated slots: 14
page.tsx:1182 [TimeSlots] Current time: 12/26/2025, 7:41:17 AM
page.tsx:1183 [TimeSlots] Selected date: 2025-12-26 Is today: true
page.tsx:1184 [TimeSlots] Day of week: 5
page.tsx:1216 [TimeSlots] Generated slots: 14
page.tsx:1182 [TimeSlots] Current time: 12/26/2025, 7:41:18 AM
page.tsx:1183 [TimeSlots] Selected date: 2025-12-26 Is today: true
page.tsx:1184 [TimeSlots] Day of week: 5
page.tsx:1216 [TimeSlots] Generated slots: 14
turbopack-hot-reloader-common.ts:43 [Fast Refresh] rebuilding
report-hmr-latency.ts:26 [Fast Refresh] done in 221ms
page.tsx:1182 [TimeSlots] Current time: 12/26/2025, 7:41:19 AM
page.tsx:1183 [TimeSlots] Selected date: 2025-12-26 Is today: true
page.tsx:1184 [TimeSlots] Day of week: 5
page.tsx:1216 [TimeSlots] Generated slots: 14
page.tsx:1182 [TimeSlots] Current time: 12/26/2025, 7:41:19 AM
page.tsx:1183 [TimeSlots] Selected date: 2025-12-26 Is today: true
page.tsx:1184 [TimeSlots] Day of week: 5
page.tsx:1216 [TimeSlots] Generated slots: 14
page.tsx:1182 [TimeSlots] Current time: 12/26/2025, 7:41:19 AM
page.tsx:1183 [TimeSlots] Selected date: 2025-12-26 Is today: true
page.tsx:1184 [TimeSlots] Day of week: 5
page.tsx:1216 [TimeSlots] Generated slots: 14
page.tsx:1182 [TimeSlots] Current time: 12/26/2025, 7:41:19 AM
page.tsx:1183 [TimeSlots] Selected date: 2025-12-26 Is today: true
page.tsx:1184 [TimeSlots] Day of week: 5
page.tsx:1216 [TimeSlots] Generated slots: 14
