react-dom-client.development.js:25630 Download the React DevTools for a better development experience: https://react.dev/link/react-devtools
VM213 <anonymous>:1  Server   ⚠ metadataBase property in metadata export is not set for resolving social open graph or twitter images, using "http://localhost:3001". See https://nextjs.org/docs/app/api-reference/functions/generate-metadata#metadatabase
react_stack_bottom_frame @ react-server-dom-turbopack-client.browser.development.js:3405
resolveConsoleEntry @ react-server-dom-turbopack-client.browser.development.js:2615
processFullStringRow @ react-server-dom-turbopack-client.browser.development.js:2853
processFullBinaryRow @ react-server-dom-turbopack-client.browser.development.js:2755
processBinaryChunk @ react-server-dom-turbopack-client.browser.development.js:2958
progress @ react-server-dom-turbopack-client.browser.development.js:3222
<StreamingMetadataOutletImpl>
Function.all @ VM213 <anonymous>:1
initializeFakeTask @ react-server-dom-turbopack-client.browser.development.js:2518
react_stack_bottom_frame @ react-server-dom-turbopack-client.browser.development.js:3402
resolveConsoleEntry @ react-server-dom-turbopack-client.browser.development.js:2615
processFullStringRow @ react-server-dom-turbopack-client.browser.development.js:2853
processFullBinaryRow @ react-server-dom-turbopack-client.browser.development.js:2755
processBinaryChunk @ react-server-dom-turbopack-client.browser.development.js:2958
progress @ react-server-dom-turbopack-client.browser.development.js:3222
"use server"
ResponseInstance @ react-server-dom-turbopack-client.browser.development.js:2030
createResponseFromOptions @ react-server-dom-turbopack-client.browser.development.js:3083
exports.createFromReadableStream @ react-server-dom-turbopack-client.browser.development.js:3460
__TURBOPACK__module__evaluation__ @ app-index.tsx:156
(anonymous) @ dev-base.ts:241
runModuleExecutionHooks @ dev-base.ts:275
instantiateModule @ dev-base.ts:235
getOrInstantiateModuleFromParent @ dev-base.ts:162
commonJsRequire @ runtime-utils.ts:366
(anonymous) @ app-next-turbopack.ts:11
(anonymous) @ app-bootstrap.ts:76
loadScriptsInSequence @ app-bootstrap.ts:22
appBootstrap @ app-bootstrap.ts:58
__TURBOPACK__module__evaluation__ @ app-next-turbopack.ts:10
(anonymous) @ dev-base.ts:241
runModuleExecutionHooks @ dev-base.ts:275
instantiateModule @ dev-base.ts:235
getOrInstantiateRuntimeModule @ dev-base.ts:128
registerChunk @ runtime-backend-dom.ts:57
await in registerChunk
registerChunk @ dev-base.ts:1146
(anonymous) @ dev-backend-dom.ts:126
(anonymous) @ dev-backend-dom.ts:126
Header.tsx:19 [Session] Status: loading User: none Time: 11:48:17 AM
turbopack-hot-reloader-common.ts:43 [Fast Refresh] rebuilding
report-hmr-latency.ts:26 [Fast Refresh] done in 3314ms
Header.tsx:19 [Session] Status: unauthenticated User: none Time: 11:48:31 AM
turbopack-hot-reloader-common.ts:43 [Fast Refresh] rebuilding
report-hmr-latency.ts:26 [Fast Refresh] done in 1003ms
turbopack-hot-reloader-common.ts:43 [Fast Refresh] rebuilding
report-hmr-latency.ts:26 [Fast Refresh] done in 147ms
page.tsx:1182 [TimeSlots] Current time: 12/27/2025, 11:49:00 AM
page.tsx:1183 [TimeSlots] Selected date: 2025-12-27 Is today: true
page.tsx:1184 [TimeSlots] Day of week: 6
page.tsx:1216 [TimeSlots] Generated slots: 11
page.tsx:1182 [TimeSlots] Current time: 12/27/2025, 11:49:00 AM
page.tsx:1183 [TimeSlots] Selected date: 2025-12-27 Is today: true
page.tsx:1184 [TimeSlots] Day of week: 6
page.tsx:1216 [TimeSlots] Generated slots: 11
page.tsx:1182 [TimeSlots] Current time: 12/27/2025, 11:49:01 AM
page.tsx:1183 [TimeSlots] Selected date: 2025-12-27 Is today: true
page.tsx:1184 [TimeSlots] Day of week: 6
page.tsx:1216 [TimeSlots] Generated slots: 11
page.tsx:1182 [TimeSlots] Current time: 12/27/2025, 11:49:01 AM
page.tsx:1183 [TimeSlots] Selected date: 2025-12-27 Is today: true
page.tsx:1184 [TimeSlots] Day of week: 6
page.tsx:1216 [TimeSlots] Generated slots: 11
turbopack-hot-reloader-common.ts:43 [Fast Refresh] rebuilding
report-hmr-latency.ts:26 [Fast Refresh] done in 182ms
page.tsx:1182 [TimeSlots] Current time: 12/27/2025, 11:49:02 AM
page.tsx:1183 [TimeSlots] Selected date: 2025-12-27 Is today: true
page.tsx:1184 [TimeSlots] Day of week: 6
page.tsx:1216 [TimeSlots] Generated slots: 11
page.tsx:1182 [TimeSlots] Current time: 12/27/2025, 11:49:02 AM
page.tsx:1183 [TimeSlots] Selected date: 2025-12-27 Is today: true
page.tsx:1184 [TimeSlots] Day of week: 6
page.tsx:1216 [TimeSlots] Generated slots: 11
page.tsx:1182 [TimeSlots] Current time: 12/27/2025, 11:49:02 AM
page.tsx:1183 [TimeSlots] Selected date: 2025-12-27 Is today: true
page.tsx:1184 [TimeSlots] Day of week: 6
page.tsx:1216 [TimeSlots] Generated slots: 11
page.tsx:1182 [TimeSlots] Current time: 12/27/2025, 11:49:02 AM
page.tsx:1183 [TimeSlots] Selected date: 2025-12-27 Is today: true
page.tsx:1184 [TimeSlots] Day of week: 6
page.tsx:1216 [TimeSlots] Generated slots: 11
page.tsx:1182 [TimeSlots] Current time: 12/27/2025, 11:49:05 AM
page.tsx:1183 [TimeSlots] Selected date: 2025-12-27 Is today: true
page.tsx:1184 [TimeSlots] Day of week: 6
page.tsx:1216 [TimeSlots] Generated slots: 11
page.tsx:1182 [TimeSlots] Current time: 12/27/2025, 11:49:05 AM
page.tsx:1183 [TimeSlots] Selected date: 2025-12-27 Is today: true
page.tsx:1184 [TimeSlots] Day of week: 6
page.tsx:1216 [TimeSlots] Generated slots: 11
page.tsx:1182 [TimeSlots] Current time: 12/27/2025, 11:49:29 AM
page.tsx:1183 [TimeSlots] Selected date: 2025-12-27 Is today: true
page.tsx:1184 [TimeSlots] Day of week: 6
page.tsx:1216 [TimeSlots] Generated slots: 11
page.tsx:1182 [TimeSlots] Current time: 12/27/2025, 11:49:29 AM
page.tsx:1183 [TimeSlots] Selected date: 2025-12-27 Is today: true
page.tsx:1184 [TimeSlots] Day of week: 6
page.tsx:1216 [TimeSlots] Generated slots: 11
page.tsx:1182 [TimeSlots] Current time: 12/27/2025, 11:49:36 AM
page.tsx:1183 [TimeSlots] Selected date: 2025-12-27 Is today: true
page.tsx:1184 [TimeSlots] Day of week: 6
page.tsx:1216 [TimeSlots] Generated slots: 11
page.tsx:1182 [TimeSlots] Current time: 12/27/2025, 11:49:36 AM
page.tsx:1183 [TimeSlots] Selected date: 2025-12-27 Is today: true
page.tsx:1184 [TimeSlots] Day of week: 6
page.tsx:1216 [TimeSlots] Generated slots: 11
page.tsx:1182 [TimeSlots] Current time: 12/27/2025, 11:49:38 AM
page.tsx:1183 [TimeSlots] Selected date: 2025-12-27 Is today: true
page.tsx:1184 [TimeSlots] Day of week: 6
page.tsx:1216 [TimeSlots] Generated slots: 11
page.tsx:1182 [TimeSlots] Current time: 12/27/2025, 11:49:38 AM
page.tsx:1183 [TimeSlots] Selected date: 2025-12-27 Is today: true
page.tsx:1184 [TimeSlots] Day of week: 6
page.tsx:1216 [TimeSlots] Generated slots: 11
page.tsx:1182 [TimeSlots] Current time: 12/27/2025, 11:49:48 AM
page.tsx:1183 [TimeSlots] Selected date: 2025-12-27 Is today: true
page.tsx:1184 [TimeSlots] Day of week: 6
page.tsx:1216 [TimeSlots] Generated slots: 11
page.tsx:1182 [TimeSlots] Current time: 12/27/2025, 11:49:48 AM
page.tsx:1183 [TimeSlots] Selected date: 2025-12-27 Is today: true
page.tsx:1184 [TimeSlots] Day of week: 6
page.tsx:1216 [TimeSlots] Generated slots: 11
page.tsx:1182 [TimeSlots] Current time: 12/27/2025, 11:50:00 AM
page.tsx:1183 [TimeSlots] Selected date: 2025-12-27 Is today: true
page.tsx:1184 [TimeSlots] Day of week: 6
page.tsx:1216 [TimeSlots] Generated slots: 11
page.tsx:1182 [TimeSlots] Current time: 12/27/2025, 11:50:00 AM
page.tsx:1183 [TimeSlots] Selected date: 2025-12-27 Is today: true
page.tsx:1184 [TimeSlots] Day of week: 6
page.tsx:1216 [TimeSlots] Generated slots: 11
page.tsx:1182 [TimeSlots] Current time: 12/27/2025, 11:50:05 AM
page.tsx:1183 [TimeSlots] Selected date: 2025-12-27 Is today: true
page.tsx:1184 [TimeSlots] Day of week: 6
page.tsx:1216 [TimeSlots] Generated slots: 11
page.tsx:1182 [TimeSlots] Current time: 12/27/2025, 11:50:05 AM
page.tsx:1183 [TimeSlots] Selected date: 2025-12-27 Is today: true
page.tsx:1184 [TimeSlots] Day of week: 6
page.tsx:1216 [TimeSlots] Generated slots: 11
page.tsx:1182 [TimeSlots] Current time: 12/27/2025, 11:50:06 AM
page.tsx:1183 [TimeSlots] Selected date: 2025-12-27 Is today: true
page.tsx:1184 [TimeSlots] Day of week: 6
page.tsx:1216 [TimeSlots] Generated slots: 11
page.tsx:1182 [TimeSlots] Current time: 12/27/2025, 11:50:06 AM
page.tsx:1183 [TimeSlots] Selected date: 2025-12-27 Is today: true
page.tsx:1184 [TimeSlots] Day of week: 6
page.tsx:1216 [TimeSlots] Generated slots: 11
page.tsx:1182 [TimeSlots] Current time: 12/27/2025, 11:50:06 AM
page.tsx:1183 [TimeSlots] Selected date: 2025-12-27 Is today: true
page.tsx:1184 [TimeSlots] Day of week: 6
page.tsx:1216 [TimeSlots] Generated slots: 11
page.tsx:1182 [TimeSlots] Current time: 12/27/2025, 11:50:06 AM
page.tsx:1183 [TimeSlots] Selected date: 2025-12-27 Is today: true
page.tsx:1184 [TimeSlots] Day of week: 6
page.tsx:1216 [TimeSlots] Generated slots: 11
page.tsx:1182 [TimeSlots] Current time: 12/27/2025, 11:50:06 AM
page.tsx:1183 [TimeSlots] Selected date: 2025-12-27 Is today: true
page.tsx:1184 [TimeSlots] Day of week: 6
page.tsx:1216 [TimeSlots] Generated slots: 11
page.tsx:1182 [TimeSlots] Current time: 12/27/2025, 11:50:06 AM
page.tsx:1183 [TimeSlots] Selected date: 2025-12-27 Is today: true
page.tsx:1184 [TimeSlots] Day of week: 6
page.tsx:1216 [TimeSlots] Generated slots: 11
page.tsx:1182 [TimeSlots] Current time: 12/27/2025, 11:50:06 AM
page.tsx:1183 [TimeSlots] Selected date: 2025-12-27 Is today: true
page.tsx:1184 [TimeSlots] Day of week: 6
page.tsx:1216 [TimeSlots] Generated slots: 11
page.tsx:1182 [TimeSlots] Current time: 12/27/2025, 11:50:06 AM
page.tsx:1183 [TimeSlots] Selected date: 2025-12-27 Is today: true
page.tsx:1184 [TimeSlots] Day of week: 6
page.tsx:1216 [TimeSlots] Generated slots: 11
page.tsx:1182 [TimeSlots] Current time: 12/27/2025, 11:50:07 AM
page.tsx:1183 [TimeSlots] Selected date: 2025-12-27 Is today: true
page.tsx:1184 [TimeSlots] Day of week: 6
page.tsx:1216 [TimeSlots] Generated slots: 11
page.tsx:1182 [TimeSlots] Current time: 12/27/2025, 11:50:07 AM
page.tsx:1183 [TimeSlots] Selected date: 2025-12-27 Is today: true
page.tsx:1184 [TimeSlots] Day of week: 6
page.tsx:1216 [TimeSlots] Generated slots: 11
page.tsx:1182 [TimeSlots] Current time: 12/27/2025, 11:50:07 AM
page.tsx:1183 [TimeSlots] Selected date: 2025-12-27 Is today: true
page.tsx:1184 [TimeSlots] Day of week: 6
page.tsx:1216 [TimeSlots] Generated slots: 11
page.tsx:1182 [TimeSlots] Current time: 12/27/2025, 11:50:07 AM
page.tsx:1183 [TimeSlots] Selected date: 2025-12-27 Is today: true
page.tsx:1184 [TimeSlots] Day of week: 6
page.tsx:1216 [TimeSlots] Generated slots: 11
page.tsx:1182 [TimeSlots] Current time: 12/27/2025, 11:50:07 AM
page.tsx:1183 [TimeSlots] Selected date: 2025-12-27 Is today: true
page.tsx:1184 [TimeSlots] Day of week: 6
page.tsx:1216 [TimeSlots] Generated slots: 11
page.tsx:1182 [TimeSlots] Current time: 12/27/2025, 11:50:07 AM
page.tsx:1183 [TimeSlots] Selected date: 2025-12-27 Is today: true
page.tsx:1184 [TimeSlots] Day of week: 6
page.tsx:1216 [TimeSlots] Generated slots: 11
page.tsx:1182 [TimeSlots] Current time: 12/27/2025, 11:50:07 AM
page.tsx:1183 [TimeSlots] Selected date: 2025-12-27 Is today: true
page.tsx:1184 [TimeSlots] Day of week: 6
page.tsx:1216 [TimeSlots] Generated slots: 11
page.tsx:1182 [TimeSlots] Current time: 12/27/2025, 11:50:07 AM
page.tsx:1183 [TimeSlots] Selected date: 2025-12-27 Is today: true
page.tsx:1184 [TimeSlots] Day of week: 6
page.tsx:1216 [TimeSlots] Generated slots: 11
page.tsx:1182 [TimeSlots] Current time: 12/27/2025, 11:50:07 AM
page.tsx:1183 [TimeSlots] Selected date: 2025-12-27 Is today: true
page.tsx:1184 [TimeSlots] Day of week: 6
page.tsx:1216 [TimeSlots] Generated slots: 11
page.tsx:1182 [TimeSlots] Current time: 12/27/2025, 11:50:07 AM
page.tsx:1183 [TimeSlots] Selected date: 2025-12-27 Is today: true
page.tsx:1184 [TimeSlots] Day of week: 6
page.tsx:1216 [TimeSlots] Generated slots: 11
page.tsx:1182 [TimeSlots] Current time: 12/27/2025, 11:50:07 AM
page.tsx:1183 [TimeSlots] Selected date: 2025-12-27 Is today: true
page.tsx:1184 [TimeSlots] Day of week: 6
page.tsx:1216 [TimeSlots] Generated slots: 11
page.tsx:1182 [TimeSlots] Current time: 12/27/2025, 11:50:07 AM
page.tsx:1183 [TimeSlots] Selected date: 2025-12-27 Is today: true
page.tsx:1184 [TimeSlots] Day of week: 6
page.tsx:1216 [TimeSlots] Generated slots: 11
page.tsx:1182 [TimeSlots] Current time: 12/27/2025, 11:50:07 AM
page.tsx:1183 [TimeSlots] Selected date: 2025-12-27 Is today: true
page.tsx:1184 [TimeSlots] Day of week: 6
page.tsx:1216 [TimeSlots] Generated slots: 11
page.tsx:1182 [TimeSlots] Current time: 12/27/2025, 11:50:07 AM
page.tsx:1183 [TimeSlots] Selected date: 2025-12-27 Is today: true
page.tsx:1184 [TimeSlots] Day of week: 6
page.tsx:1216 [TimeSlots] Generated slots: 11
page.tsx:1182 [TimeSlots] Current time: 12/27/2025, 11:50:07 AM
page.tsx:1183 [TimeSlots] Selected date: 2025-12-27 Is today: true
page.tsx:1184 [TimeSlots] Day of week: 6
page.tsx:1216 [TimeSlots] Generated slots: 11
page.tsx:1182 [TimeSlots] Current time: 12/27/2025, 11:50:07 AM
page.tsx:1183 [TimeSlots] Selected date: 2025-12-27 Is today: true
page.tsx:1184 [TimeSlots] Day of week: 6
page.tsx:1216 [TimeSlots] Generated slots: 11
page.tsx:1182 [TimeSlots] Current time: 12/27/2025, 11:50:08 AM
page.tsx:1183 [TimeSlots] Selected date: 2025-12-27 Is today: true
page.tsx:1184 [TimeSlots] Day of week: 6
page.tsx:1216 [TimeSlots] Generated slots: 11
page.tsx:1182 [TimeSlots] Current time: 12/27/2025, 11:50:08 AM
page.tsx:1183 [TimeSlots] Selected date: 2025-12-27 Is today: true
page.tsx:1184 [TimeSlots] Day of week: 6
page.tsx:1216 [TimeSlots] Generated slots: 11
page.tsx:1182 [TimeSlots] Current time: 12/27/2025, 11:50:08 AM
page.tsx:1183 [TimeSlots] Selected date: 2025-12-27 Is today: true
page.tsx:1184 [TimeSlots] Day of week: 6
page.tsx:1216 [TimeSlots] Generated slots: 11
page.tsx:1182 [TimeSlots] Current time: 12/27/2025, 11:50:08 AM
page.tsx:1183 [TimeSlots] Selected date: 2025-12-27 Is today: true
page.tsx:1184 [TimeSlots] Day of week: 6
page.tsx:1216 [TimeSlots] Generated slots: 11
page.tsx:1182 [TimeSlots] Current time: 12/27/2025, 11:50:35 AM
page.tsx:1183 [TimeSlots] Selected date: 2025-12-27 Is today: true
page.tsx:1184 [TimeSlots] Day of week: 6
page.tsx:1216 [TimeSlots] Generated slots: 11
page.tsx:1182 [TimeSlots] Current time: 12/27/2025, 11:50:35 AM
page.tsx:1183 [TimeSlots] Selected date: 2025-12-27 Is today: true
page.tsx:1184 [TimeSlots] Day of week: 6
page.tsx:1216 [TimeSlots] Generated slots: 11
page.tsx:1182 [TimeSlots] Current time: 12/27/2025, 11:50:37 AM
page.tsx:1183 [TimeSlots] Selected date: 2025-12-27 Is today: true
page.tsx:1184 [TimeSlots] Day of week: 6
page.tsx:1216 [TimeSlots] Generated slots: 11
page.tsx:1182 [TimeSlots] Current time: 12/27/2025, 11:50:37 AM
page.tsx:1183 [TimeSlots] Selected date: 2025-12-27 Is today: true
page.tsx:1184 [TimeSlots] Day of week: 6
page.tsx:1216 [TimeSlots] Generated slots: 11
page.tsx:1182 [TimeSlots] Current time: 12/27/2025, 11:50:38 AM
page.tsx:1183 [TimeSlots] Selected date: 2025-12-27 Is today: true
page.tsx:1184 [TimeSlots] Day of week: 6
page.tsx:1216 [TimeSlots] Generated slots: 11
page.tsx:1182 [TimeSlots] Current time: 12/27/2025, 11:50:38 AM
page.tsx:1183 [TimeSlots] Selected date: 2025-12-27 Is today: true
page.tsx:1184 [TimeSlots] Day of week: 6
page.tsx:1216 [TimeSlots] Generated slots: 11
page.tsx:1182 [TimeSlots] Current time: 12/27/2025, 11:50:38 AM
page.tsx:1183 [TimeSlots] Selected date: 2025-12-27 Is today: true
page.tsx:1184 [TimeSlots] Day of week: 6
page.tsx:1216 [TimeSlots] Generated slots: 11
page.tsx:1182 [TimeSlots] Current time: 12/27/2025, 11:50:38 AM
page.tsx:1183 [TimeSlots] Selected date: 2025-12-27 Is today: true
page.tsx:1184 [TimeSlots] Day of week: 6
page.tsx:1216 [TimeSlots] Generated slots: 11
page.tsx:1182 [TimeSlots] Current time: 12/27/2025, 11:50:38 AM
page.tsx:1183 [TimeSlots] Selected date: 2025-12-27 Is today: true
page.tsx:1184 [TimeSlots] Day of week: 6
page.tsx:1216 [TimeSlots] Generated slots: 11
page.tsx:1182 [TimeSlots] Current time: 12/27/2025, 11:50:38 AM
page.tsx:1183 [TimeSlots] Selected date: 2025-12-27 Is today: true
page.tsx:1184 [TimeSlots] Day of week: 6
page.tsx:1216 [TimeSlots] Generated slots: 11
page.tsx:1182 [TimeSlots] Current time: 12/27/2025, 11:50:38 AM
page.tsx:1183 [TimeSlots] Selected date: 2025-12-27 Is today: true
page.tsx:1184 [TimeSlots] Day of week: 6
page.tsx:1216 [TimeSlots] Generated slots: 11
page.tsx:1182 [TimeSlots] Current time: 12/27/2025, 11:50:38 AM
page.tsx:1183 [TimeSlots] Selected date: 2025-12-27 Is today: true
page.tsx:1184 [TimeSlots] Day of week: 6
page.tsx:1216 [TimeSlots] Generated slots: 11
page.tsx:1182 [TimeSlots] Current time: 12/27/2025, 11:50:39 AM
page.tsx:1183 [TimeSlots] Selected date: 2025-12-27 Is today: true
page.tsx:1184 [TimeSlots] Day of week: 6
page.tsx:1216 [TimeSlots] Generated slots: 11
page.tsx:1182 [TimeSlots] Current time: 12/27/2025, 11:50:39 AM
page.tsx:1183 [TimeSlots] Selected date: 2025-12-27 Is today: true
page.tsx:1184 [TimeSlots] Day of week: 6
page.tsx:1216 [TimeSlots] Generated slots: 11
page.tsx:1182 [TimeSlots] Current time: 12/27/2025, 11:50:39 AM
page.tsx:1183 [TimeSlots] Selected date: 2025-12-27 Is today: true
page.tsx:1184 [TimeSlots] Day of week: 6
page.tsx:1216 [TimeSlots] Generated slots: 11
page.tsx:1182 [TimeSlots] Current time: 12/27/2025, 11:50:39 AM
page.tsx:1183 [TimeSlots] Selected date: 2025-12-27 Is today: true
page.tsx:1184 [TimeSlots] Day of week: 6
page.tsx:1216 [TimeSlots] Generated slots: 11
page.tsx:1182 [TimeSlots] Current time: 12/27/2025, 11:50:39 AM
page.tsx:1183 [TimeSlots] Selected date: 2025-12-27 Is today: true
page.tsx:1184 [TimeSlots] Day of week: 6
page.tsx:1216 [TimeSlots] Generated slots: 11
page.tsx:1182 [TimeSlots] Current time: 12/27/2025, 11:50:39 AM
page.tsx:1183 [TimeSlots] Selected date: 2025-12-27 Is today: true
page.tsx:1184 [TimeSlots] Day of week: 6
page.tsx:1216 [TimeSlots] Generated slots: 11
page.tsx:1182 [TimeSlots] Current time: 12/27/2025, 11:50:39 AM
page.tsx:1183 [TimeSlots] Selected date: 2025-12-27 Is today: true
page.tsx:1184 [TimeSlots] Day of week: 6
page.tsx:1216 [TimeSlots] Generated slots: 11
page.tsx:1182 [TimeSlots] Current time: 12/27/2025, 11:50:39 AM
page.tsx:1183 [TimeSlots] Selected date: 2025-12-27 Is today: true
page.tsx:1184 [TimeSlots] Day of week: 6
page.tsx:1216 [TimeSlots] Generated slots: 11
page.tsx:1182 [TimeSlots] Current time: 12/27/2025, 11:50:39 AM
page.tsx:1183 [TimeSlots] Selected date: 2025-12-27 Is today: true
page.tsx:1184 [TimeSlots] Day of week: 6
page.tsx:1216 [TimeSlots] Generated slots: 11
page.tsx:1182 [TimeSlots] Current time: 12/27/2025, 11:50:39 AM
page.tsx:1183 [TimeSlots] Selected date: 2025-12-27 Is today: true
page.tsx:1184 [TimeSlots] Day of week: 6
page.tsx:1216 [TimeSlots] Generated slots: 11
page.tsx:1182 [TimeSlots] Current time: 12/27/2025, 11:50:39 AM
page.tsx:1183 [TimeSlots] Selected date: 2025-12-27 Is today: true
page.tsx:1184 [TimeSlots] Day of week: 6
page.tsx:1216 [TimeSlots] Generated slots: 11
page.tsx:1182 [TimeSlots] Current time: 12/27/2025, 11:50:39 AM
page.tsx:1183 [TimeSlots] Selected date: 2025-12-27 Is today: true
page.tsx:1184 [TimeSlots] Day of week: 6
page.tsx:1216 [TimeSlots] Generated slots: 11
page.tsx:1182 [TimeSlots] Current time: 12/27/2025, 11:50:39 AM
page.tsx:1183 [TimeSlots] Selected date: 2025-12-27 Is today: true
page.tsx:1184 [TimeSlots] Day of week: 6
page.tsx:1216 [TimeSlots] Generated slots: 11
page.tsx:1182 [TimeSlots] Current time: 12/27/2025, 11:50:39 AM
page.tsx:1183 [TimeSlots] Selected date: 2025-12-27 Is today: true
page.tsx:1184 [TimeSlots] Day of week: 6
page.tsx:1216 [TimeSlots] Generated slots: 11
page.tsx:1182 [TimeSlots] Current time: 12/27/2025, 11:50:42 AM
page.tsx:1183 [TimeSlots] Selected date: 2025-12-27 Is today: true
page.tsx:1184 [TimeSlots] Day of week: 6
page.tsx:1216 [TimeSlots] Generated slots: 11
page.tsx:1182 [TimeSlots] Current time: 12/27/2025, 11:50:42 AM
page.tsx:1183 [TimeSlots] Selected date: 2025-12-27 Is today: true
page.tsx:1184 [TimeSlots] Day of week: 6
page.tsx:1216 [TimeSlots] Generated slots: 11
page.tsx:1182 [TimeSlots] Current time: 12/27/2025, 11:50:42 AM
page.tsx:1183 [TimeSlots] Selected date: 2025-12-27 Is today: true
page.tsx:1184 [TimeSlots] Day of week: 6
page.tsx:1216 [TimeSlots] Generated slots: 11
page.tsx:1182 [TimeSlots] Current time: 12/27/2025, 11:50:42 AM
page.tsx:1183 [TimeSlots] Selected date: 2025-12-27 Is today: true
page.tsx:1184 [TimeSlots] Day of week: 6
page.tsx:1216 [TimeSlots] Generated slots: 11
page.tsx:1182 [TimeSlots] Current time: 12/27/2025, 11:50:42 AM
page.tsx:1183 [TimeSlots] Selected date: 2025-12-27 Is today: true
page.tsx:1184 [TimeSlots] Day of week: 6
page.tsx:1216 [TimeSlots] Generated slots: 11
page.tsx:1182 [TimeSlots] Current time: 12/27/2025, 11:50:42 AM
page.tsx:1183 [TimeSlots] Selected date: 2025-12-27 Is today: true
page.tsx:1184 [TimeSlots] Day of week: 6
page.tsx:1216 [TimeSlots] Generated slots: 11
page.tsx:1182 [TimeSlots] Current time: 12/27/2025, 11:50:42 AM
page.tsx:1183 [TimeSlots] Selected date: 2025-12-27 Is today: true
page.tsx:1184 [TimeSlots] Day of week: 6
page.tsx:1216 [TimeSlots] Generated slots: 11
page.tsx:1182 [TimeSlots] Current time: 12/27/2025, 11:50:42 AM
page.tsx:1183 [TimeSlots] Selected date: 2025-12-27 Is today: true
page.tsx:1184 [TimeSlots] Day of week: 6
page.tsx:1216 [TimeSlots] Generated slots: 11
page.tsx:1182 [TimeSlots] Current time: 12/27/2025, 11:50:42 AM
page.tsx:1183 [TimeSlots] Selected date: 2025-12-27 Is today: true
page.tsx:1184 [TimeSlots] Day of week: 6
page.tsx:1216 [TimeSlots] Generated slots: 11
page.tsx:1182 [TimeSlots] Current time: 12/27/2025, 11:50:42 AM
page.tsx:1183 [TimeSlots] Selected date: 2025-12-27 Is today: true
page.tsx:1184 [TimeSlots] Day of week: 6
page.tsx:1216 [TimeSlots] Generated slots: 11
page.tsx:1182 [TimeSlots] Current time: 12/27/2025, 11:50:43 AM
page.tsx:1183 [TimeSlots] Selected date: 2025-12-27 Is today: true
page.tsx:1184 [TimeSlots] Day of week: 6
page.tsx:1216 [TimeSlots] Generated slots: 11
page.tsx:1182 [TimeSlots] Current time: 12/27/2025, 11:50:43 AM
page.tsx:1183 [TimeSlots] Selected date: 2025-12-27 Is today: true
page.tsx:1184 [TimeSlots] Day of week: 6
page.tsx:1216 [TimeSlots] Generated slots: 11
page.tsx:1182 [TimeSlots] Current time: 12/27/2025, 11:50:43 AM
page.tsx:1183 [TimeSlots] Selected date: 2025-12-27 Is today: true
page.tsx:1184 [TimeSlots] Day of week: 6
page.tsx:1216 [TimeSlots] Generated slots: 11
page.tsx:1182 [TimeSlots] Current time: 12/27/2025, 11:50:43 AM
page.tsx:1183 [TimeSlots] Selected date: 2025-12-27 Is today: true
page.tsx:1184 [TimeSlots] Day of week: 6
page.tsx:1216 [TimeSlots] Generated slots: 11
page.tsx:1182 [TimeSlots] Current time: 12/27/2025, 11:50:43 AM
page.tsx:1183 [TimeSlots] Selected date: 2025-12-27 Is today: true
page.tsx:1184 [TimeSlots] Day of week: 6
page.tsx:1216 [TimeSlots] Generated slots: 11
page.tsx:1182 [TimeSlots] Current time: 12/27/2025, 11:50:43 AM
page.tsx:1183 [TimeSlots] Selected date: 2025-12-27 Is today: true
page.tsx:1184 [TimeSlots] Day of week: 6
page.tsx:1216 [TimeSlots] Generated slots: 11
page.tsx:1182 [TimeSlots] Current time: 12/27/2025, 11:50:43 AM
page.tsx:1183 [TimeSlots] Selected date: 2025-12-27 Is today: true
page.tsx:1184 [TimeSlots] Day of week: 6
page.tsx:1216 [TimeSlots] Generated slots: 11
page.tsx:1182 [TimeSlots] Current time: 12/27/2025, 11:50:43 AM
page.tsx:1183 [TimeSlots] Selected date: 2025-12-27 Is today: true
page.tsx:1184 [TimeSlots] Day of week: 6
page.tsx:1216 [TimeSlots] Generated slots: 11
page.tsx:1182 [TimeSlots] Current time: 12/27/2025, 11:50:43 AM
page.tsx:1183 [TimeSlots] Selected date: 2025-12-27 Is today: true
page.tsx:1184 [TimeSlots] Day of week: 6
page.tsx:1216 [TimeSlots] Generated slots: 11
page.tsx:1182 [TimeSlots] Current time: 12/27/2025, 11:50:43 AM
page.tsx:1183 [TimeSlots] Selected date: 2025-12-27 Is today: true
page.tsx:1184 [TimeSlots] Day of week: 6
page.tsx:1216 [TimeSlots] Generated slots: 11
page.tsx:1182 [TimeSlots] Current time: 12/27/2025, 11:50:43 AM
page.tsx:1183 [TimeSlots] Selected date: 2025-12-27 Is today: true
page.tsx:1184 [TimeSlots] Day of week: 6
page.tsx:1216 [TimeSlots] Generated slots: 11
page.tsx:1182 [TimeSlots] Current time: 12/27/2025, 11:50:43 AM
page.tsx:1183 [TimeSlots] Selected date: 2025-12-27 Is today: true
page.tsx:1184 [TimeSlots] Day of week: 6
page.tsx:1216 [TimeSlots] Generated slots: 11
page.tsx:1182 [TimeSlots] Current time: 12/27/2025, 11:50:44 AM
page.tsx:1183 [TimeSlots] Selected date: 2025-12-27 Is today: true
page.tsx:1184 [TimeSlots] Day of week: 6
page.tsx:1216 [TimeSlots] Generated slots: 11
page.tsx:1182 [TimeSlots] Current time: 12/27/2025, 11:50:44 AM
page.tsx:1183 [TimeSlots] Selected date: 2025-12-27 Is today: true
page.tsx:1184 [TimeSlots] Day of week: 6
page.tsx:1216 [TimeSlots] Generated slots: 11
page.tsx:1182 [TimeSlots] Current time: 12/27/2025, 11:50:44 AM
page.tsx:1183 [TimeSlots] Selected date: 2025-12-27 Is today: true
page.tsx:1184 [TimeSlots] Day of week: 6
page.tsx:1216 [TimeSlots] Generated slots: 11
page.tsx:1182 [TimeSlots] Current time: 12/27/2025, 11:50:44 AM
page.tsx:1183 [TimeSlots] Selected date: 2025-12-27 Is today: true
page.tsx:1184 [TimeSlots] Day of week: 6
page.tsx:1216 [TimeSlots] Generated slots: 11
page.tsx:1182 [TimeSlots] Current time: 12/27/2025, 11:50:44 AM
page.tsx:1183 [TimeSlots] Selected date: 2025-12-27 Is today: true
page.tsx:1184 [TimeSlots] Day of week: 6
page.tsx:1216 [TimeSlots] Generated slots: 11
page.tsx:1182 [TimeSlots] Current time: 12/27/2025, 11:50:44 AM
page.tsx:1183 [TimeSlots] Selected date: 2025-12-27 Is today: true
page.tsx:1184 [TimeSlots] Day of week: 6
page.tsx:1216 [TimeSlots] Generated slots: 11
page.tsx:1182 [TimeSlots] Current time: 12/27/2025, 11:50:44 AM
page.tsx:1183 [TimeSlots] Selected date: 2025-12-27 Is today: true
page.tsx:1184 [TimeSlots] Day of week: 6
page.tsx:1216 [TimeSlots] Generated slots: 11
page.tsx:1182 [TimeSlots] Current time: 12/27/2025, 11:50:44 AM
page.tsx:1183 [TimeSlots] Selected date: 2025-12-27 Is today: true
page.tsx:1184 [TimeSlots] Day of week: 6
page.tsx:1216 [TimeSlots] Generated slots: 11
page.tsx:1182 [TimeSlots] Current time: 12/27/2025, 11:50:44 AM
page.tsx:1183 [TimeSlots] Selected date: 2025-12-27 Is today: true
page.tsx:1184 [TimeSlots] Day of week: 6
page.tsx:1216 [TimeSlots] Generated slots: 11
page.tsx:1182 [TimeSlots] Current time: 12/27/2025, 11:50:44 AM
page.tsx:1183 [TimeSlots] Selected date: 2025-12-27 Is today: true
page.tsx:1184 [TimeSlots] Day of week: 6
page.tsx:1216 [TimeSlots] Generated slots: 11
page.tsx:1182 [TimeSlots] Current time: 12/27/2025, 11:50:44 AM
page.tsx:1183 [TimeSlots] Selected date: 2025-12-27 Is today: true
page.tsx:1184 [TimeSlots] Day of week: 6
page.tsx:1216 [TimeSlots] Generated slots: 11
page.tsx:1182 [TimeSlots] Current time: 12/27/2025, 11:50:44 AM
page.tsx:1183 [TimeSlots] Selected date: 2025-12-27 Is today: true
page.tsx:1184 [TimeSlots] Day of week: 6
page.tsx:1216 [TimeSlots] Generated slots: 11
page.tsx:1182 [TimeSlots] Current time: 12/27/2025, 11:50:46 AM
page.tsx:1183 [TimeSlots] Selected date: 2025-12-27 Is today: true
page.tsx:1184 [TimeSlots] Day of week: 6
page.tsx:1216 [TimeSlots] Generated slots: 11
page.tsx:1182 [TimeSlots] Current time: 12/27/2025, 11:50:46 AM
page.tsx:1183 [TimeSlots] Selected date: 2025-12-27 Is today: true
page.tsx:1184 [TimeSlots] Day of week: 6
page.tsx:1216 [TimeSlots] Generated slots: 11
page.tsx:1182 [TimeSlots] Current time: 12/27/2025, 11:50:46 AM
page.tsx:1183 [TimeSlots] Selected date: 2025-12-27 Is today: true
page.tsx:1184 [TimeSlots] Day of week: 6
page.tsx:1216 [TimeSlots] Generated slots: 11
page.tsx:1182 [TimeSlots] Current time: 12/27/2025, 11:50:46 AM
page.tsx:1183 [TimeSlots] Selected date: 2025-12-27 Is today: true
page.tsx:1184 [TimeSlots] Day of week: 6
page.tsx:1216 [TimeSlots] Generated slots: 11
page.tsx:1182 [TimeSlots] Current time: 12/27/2025, 11:50:47 AM
page.tsx:1183 [TimeSlots] Selected date: 2025-12-27 Is today: true
page.tsx:1184 [TimeSlots] Day of week: 6
page.tsx:1216 [TimeSlots] Generated slots: 11
page.tsx:1182 [TimeSlots] Current time: 12/27/2025, 11:50:47 AM
page.tsx:1183 [TimeSlots] Selected date: 2025-12-27 Is today: true
page.tsx:1184 [TimeSlots] Day of week: 6
page.tsx:1216 [TimeSlots] Generated slots: 11
page.tsx:1182 [TimeSlots] Current time: 12/27/2025, 11:50:47 AM
page.tsx:1183 [TimeSlots] Selected date: 2025-12-27 Is today: true
page.tsx:1184 [TimeSlots] Day of week: 6
page.tsx:1216 [TimeSlots] Generated slots: 11
page.tsx:1182 [TimeSlots] Current time: 12/27/2025, 11:50:47 AM
page.tsx:1183 [TimeSlots] Selected date: 2025-12-27 Is today: true
page.tsx:1184 [TimeSlots] Day of week: 6
page.tsx:1216 [TimeSlots] Generated slots: 11
page.tsx:1182 [TimeSlots] Current time: 12/27/2025, 11:50:48 AM
page.tsx:1183 [TimeSlots] Selected date: 2025-12-27 Is today: true
page.tsx:1184 [TimeSlots] Day of week: 6
page.tsx:1216 [TimeSlots] Generated slots: 11
page.tsx:1182 [TimeSlots] Current time: 12/27/2025, 11:50:48 AM
page.tsx:1183 [TimeSlots] Selected date: 2025-12-27 Is today: true
page.tsx:1184 [TimeSlots] Day of week: 6
page.tsx:1216 [TimeSlots] Generated slots: 11
page.tsx:1182 [TimeSlots] Current time: 12/27/2025, 11:50:48 AM
page.tsx:1183 [TimeSlots] Selected date: 2025-12-27 Is today: true
page.tsx:1184 [TimeSlots] Day of week: 6
page.tsx:1216 [TimeSlots] Generated slots: 11
page.tsx:1182 [TimeSlots] Current time: 12/27/2025, 11:50:48 AM
page.tsx:1183 [TimeSlots] Selected date: 2025-12-27 Is today: true
page.tsx:1184 [TimeSlots] Day of week: 6
page.tsx:1216 [TimeSlots] Generated slots: 11
page.tsx:1182 [TimeSlots] Current time: 12/27/2025, 11:50:49 AM
page.tsx:1183 [TimeSlots] Selected date: 2025-12-27 Is today: true
page.tsx:1184 [TimeSlots] Day of week: 6
page.tsx:1216 [TimeSlots] Generated slots: 11
page.tsx:1182 [TimeSlots] Current time: 12/27/2025, 11:50:49 AM
page.tsx:1183 [TimeSlots] Selected date: 2025-12-27 Is today: true
page.tsx:1184 [TimeSlots] Day of week: 6
page.tsx:1216 [TimeSlots] Generated slots: 11
page.tsx:1182 [TimeSlots] Current time: 12/27/2025, 11:50:49 AM
page.tsx:1183 [TimeSlots] Selected date: 2025-12-27 Is today: true
page.tsx:1184 [TimeSlots] Day of week: 6
page.tsx:1216 [TimeSlots] Generated slots: 11
page.tsx:1182 [TimeSlots] Current time: 12/27/2025, 11:50:49 AM
page.tsx:1183 [TimeSlots] Selected date: 2025-12-27 Is today: true
page.tsx:1184 [TimeSlots] Day of week: 6
page.tsx:1216 [TimeSlots] Generated slots: 11
page.tsx:1182 [TimeSlots] Current time: 12/27/2025, 11:50:49 AM
page.tsx:1183 [TimeSlots] Selected date: 2025-12-27 Is today: true
page.tsx:1184 [TimeSlots] Day of week: 6
page.tsx:1216 [TimeSlots] Generated slots: 11
page.tsx:1182 [TimeSlots] Current time: 12/27/2025, 11:50:49 AM
page.tsx:1183 [TimeSlots] Selected date: 2025-12-27 Is today: true
page.tsx:1184 [TimeSlots] Day of week: 6
page.tsx:1216 [TimeSlots] Generated slots: 11
page.tsx:1182 [TimeSlots] Current time: 12/27/2025, 11:50:49 AM
page.tsx:1183 [TimeSlots] Selected date: 2025-12-27 Is today: true
page.tsx:1184 [TimeSlots] Day of week: 6
page.tsx:1216 [TimeSlots] Generated slots: 11
page.tsx:1182 [TimeSlots] Current time: 12/27/2025, 11:50:49 AM
page.tsx:1183 [TimeSlots] Selected date: 2025-12-27 Is today: true
page.tsx:1184 [TimeSlots] Day of week: 6
page.tsx:1216 [TimeSlots] Generated slots: 11
page.tsx:1182 [TimeSlots] Current time: 12/27/2025, 11:50:50 AM
page.tsx:1183 [TimeSlots] Selected date: 2025-12-27 Is today: true
page.tsx:1184 [TimeSlots] Day of week: 6
page.tsx:1216 [TimeSlots] Generated slots: 11
page.tsx:1182 [TimeSlots] Current time: 12/27/2025, 11:50:50 AM
page.tsx:1183 [TimeSlots] Selected date: 2025-12-27 Is today: true
page.tsx:1184 [TimeSlots] Day of week: 6
page.tsx:1216 [TimeSlots] Generated slots: 11
page.tsx:1182 [TimeSlots] Current time: 12/27/2025, 11:50:50 AM
page.tsx:1183 [TimeSlots] Selected date: 2025-12-27 Is today: true
page.tsx:1184 [TimeSlots] Day of week: 6
page.tsx:1216 [TimeSlots] Generated slots: 11
page.tsx:1182 [TimeSlots] Current time: 12/27/2025, 11:50:50 AM
page.tsx:1183 [TimeSlots] Selected date: 2025-12-27 Is today: true
page.tsx:1184 [TimeSlots] Day of week: 6
page.tsx:1216 [TimeSlots] Generated slots: 11
page.tsx:1182 [TimeSlots] Current time: 12/27/2025, 11:50:51 AM
page.tsx:1183 [TimeSlots] Selected date: 2025-12-27 Is today: true
page.tsx:1184 [TimeSlots] Day of week: 6
page.tsx:1216 [TimeSlots] Generated slots: 11
page.tsx:1182 [TimeSlots] Current time: 12/27/2025, 11:50:51 AM
page.tsx:1183 [TimeSlots] Selected date: 2025-12-27 Is today: true
page.tsx:1184 [TimeSlots] Day of week: 6
page.tsx:1216 [TimeSlots] Generated slots: 11
page.tsx:1182 [TimeSlots] Current time: 12/27/2025, 11:50:55 AM
page.tsx:1183 [TimeSlots] Selected date: 2025-12-27 Is today: true
page.tsx:1184 [TimeSlots] Day of week: 6
page.tsx:1216 [TimeSlots] Generated slots: 11
page.tsx:1182 [TimeSlots] Current time: 12/27/2025, 11:50:55 AM
page.tsx:1183 [TimeSlots] Selected date: 2025-12-27 Is today: true
page.tsx:1184 [TimeSlots] Day of week: 6
page.tsx:1216 [TimeSlots] Generated slots: 11
page.tsx:1182 [TimeSlots] Current time: 12/27/2025, 11:50:58 AM
page.tsx:1183 [TimeSlots] Selected date: 2025-12-27 Is today: true
page.tsx:1184 [TimeSlots] Day of week: 6
page.tsx:1216 [TimeSlots] Generated slots: 11
page.tsx:1182 [TimeSlots] Current time: 12/27/2025, 11:50:58 AM
page.tsx:1183 [TimeSlots] Selected date: 2025-12-27 Is today: true
page.tsx:1184 [TimeSlots] Day of week: 6
page.tsx:1216 [TimeSlots] Generated slots: 11
page.tsx:1182 [TimeSlots] Current time: 12/27/2025, 11:50:58 AM
page.tsx:1183 [TimeSlots] Selected date: 2025-12-27 Is today: true
page.tsx:1184 [TimeSlots] Day of week: 6
page.tsx:1216 [TimeSlots] Generated slots: 11
page.tsx:1182 [TimeSlots] Current time: 12/27/2025, 11:50:58 AM
page.tsx:1183 [TimeSlots] Selected date: 2025-12-27 Is today: true
page.tsx:1184 [TimeSlots] Day of week: 6
page.tsx:1216 [TimeSlots] Generated slots: 11
page.tsx:1182 [TimeSlots] Current time: 12/27/2025, 11:50:58 AM
page.tsx:1183 [TimeSlots] Selected date: 2025-12-27 Is today: true
page.tsx:1184 [TimeSlots] Day of week: 6
page.tsx:1216 [TimeSlots] Generated slots: 11
page.tsx:1182 [TimeSlots] Current time: 12/27/2025, 11:50:58 AM
page.tsx:1183 [TimeSlots] Selected date: 2025-12-27 Is today: true
page.tsx:1184 [TimeSlots] Day of week: 6
page.tsx:1216 [TimeSlots] Generated slots: 11
page.tsx:1182 [TimeSlots] Current time: 12/27/2025, 11:50:58 AM
page.tsx:1183 [TimeSlots] Selected date: 2025-12-27 Is today: true
page.tsx:1184 [TimeSlots] Day of week: 6
page.tsx:1216 [TimeSlots] Generated slots: 11
page.tsx:1182 [TimeSlots] Current time: 12/27/2025, 11:50:58 AM
page.tsx:1183 [TimeSlots] Selected date: 2025-12-27 Is today: true
page.tsx:1184 [TimeSlots] Day of week: 6
page.tsx:1216 [TimeSlots] Generated slots: 11
page.tsx:1182 [TimeSlots] Current time: 12/27/2025, 11:50:58 AM
page.tsx:1183 [TimeSlots] Selected date: 2025-12-27 Is today: true
page.tsx:1184 [TimeSlots] Day of week: 6
page.tsx:1216 [TimeSlots] Generated slots: 11
page.tsx:1182 [TimeSlots] Current time: 12/27/2025, 11:50:58 AM
page.tsx:1183 [TimeSlots] Selected date: 2025-12-27 Is today: true
page.tsx:1184 [TimeSlots] Day of week: 6
page.tsx:1216 [TimeSlots] Generated slots: 11
page.tsx:1182 [TimeSlots] Current time: 12/27/2025, 11:50:59 AM
page.tsx:1183 [TimeSlots] Selected date: 2025-12-27 Is today: true
page.tsx:1184 [TimeSlots] Day of week: 6
page.tsx:1216 [TimeSlots] Generated slots: 11
page.tsx:1182 [TimeSlots] Current time: 12/27/2025, 11:50:59 AM
page.tsx:1183 [TimeSlots] Selected date: 2025-12-27 Is today: true
page.tsx:1184 [TimeSlots] Day of week: 6
page.tsx:1216 [TimeSlots] Generated slots: 11
page.tsx:1182 [TimeSlots] Current time: 12/27/2025, 11:50:59 AM
page.tsx:1183 [TimeSlots] Selected date: 2025-12-27 Is today: true
page.tsx:1184 [TimeSlots] Day of week: 6
page.tsx:1216 [TimeSlots] Generated slots: 11
page.tsx:1182 [TimeSlots] Current time: 12/27/2025, 11:50:59 AM
page.tsx:1183 [TimeSlots] Selected date: 2025-12-27 Is today: true
page.tsx:1184 [TimeSlots] Day of week: 6
page.tsx:1216 [TimeSlots] Generated slots: 11
page.tsx:1182 [TimeSlots] Current time: 12/27/2025, 11:50:59 AM
page.tsx:1183 [TimeSlots] Selected date: 2025-12-27 Is today: true
page.tsx:1184 [TimeSlots] Day of week: 6
page.tsx:1216 [TimeSlots] Generated slots: 11
page.tsx:1182 [TimeSlots] Current time: 12/27/2025, 11:50:59 AM
page.tsx:1183 [TimeSlots] Selected date: 2025-12-27 Is today: true
page.tsx:1184 [TimeSlots] Day of week: 6
page.tsx:1216 [TimeSlots] Generated slots: 11
page.tsx:1182 [TimeSlots] Current time: 12/27/2025, 11:51:02 AM
page.tsx:1183 [TimeSlots] Selected date: 2025-12-27 Is today: true
page.tsx:1184 [TimeSlots] Day of week: 6
page.tsx:1216 [TimeSlots] Generated slots: 11
page.tsx:1182 [TimeSlots] Current time: 12/27/2025, 11:51:02 AM
page.tsx:1183 [TimeSlots] Selected date: 2025-12-27 Is today: true
page.tsx:1184 [TimeSlots] Day of week: 6
page.tsx:1216 [TimeSlots] Generated slots: 11
page.tsx:1182 [TimeSlots] Current time: 12/27/2025, 11:51:02 AM
page.tsx:1183 [TimeSlots] Selected date: 2025-12-27 Is today: true
page.tsx:1184 [TimeSlots] Day of week: 6
page.tsx:1216 [TimeSlots] Generated slots: 11
page.tsx:1182 [TimeSlots] Current time: 12/27/2025, 11:51:02 AM
page.tsx:1183 [TimeSlots] Selected date: 2025-12-27 Is today: true
page.tsx:1184 [TimeSlots] Day of week: 6
page.tsx:1216 [TimeSlots] Generated slots: 11
page.tsx:1182 [TimeSlots] Current time: 12/27/2025, 11:51:02 AM
page.tsx:1183 [TimeSlots] Selected date: 2025-12-27 Is today: true
page.tsx:1184 [TimeSlots] Day of week: 6
page.tsx:1216 [TimeSlots] Generated slots: 11
page.tsx:1182 [TimeSlots] Current time: 12/27/2025, 11:51:02 AM
page.tsx:1183 [TimeSlots] Selected date: 2025-12-27 Is today: true
page.tsx:1184 [TimeSlots] Day of week: 6
page.tsx:1216 [TimeSlots] Generated slots: 11
page.tsx:1182 [TimeSlots] Current time: 12/27/2025, 11:51:02 AM
page.tsx:1183 [TimeSlots] Selected date: 2025-12-27 Is today: true
page.tsx:1184 [TimeSlots] Day of week: 6
page.tsx:1216 [TimeSlots] Generated slots: 11
page.tsx:1182 [TimeSlots] Current time: 12/27/2025, 11:51:02 AM
page.tsx:1183 [TimeSlots] Selected date: 2025-12-27 Is today: true
page.tsx:1184 [TimeSlots] Day of week: 6
page.tsx:1216 [TimeSlots] Generated slots: 11
page.tsx:1182 [TimeSlots] Current time: 12/27/2025, 11:51:03 AM
page.tsx:1183 [TimeSlots] Selected date: 2025-12-27 Is today: true
page.tsx:1184 [TimeSlots] Day of week: 6
page.tsx:1216 [TimeSlots] Generated slots: 11
page.tsx:1182 [TimeSlots] Current time: 12/27/2025, 11:51:03 AM
page.tsx:1183 [TimeSlots] Selected date: 2025-12-27 Is today: true
page.tsx:1184 [TimeSlots] Day of week: 6
page.tsx:1216 [TimeSlots] Generated slots: 11
page.tsx:1182 [TimeSlots] Current time: 12/27/2025, 11:51:03 AM
page.tsx:1183 [TimeSlots] Selected date: 2025-12-27 Is today: true
page.tsx:1184 [TimeSlots] Day of week: 6
page.tsx:1216 [TimeSlots] Generated slots: 11
page.tsx:1182 [TimeSlots] Current time: 12/27/2025, 11:51:03 AM
page.tsx:1183 [TimeSlots] Selected date: 2025-12-27 Is today: true
page.tsx:1184 [TimeSlots] Day of week: 6
page.tsx:1216 [TimeSlots] Generated slots: 11
page.tsx:1182 [TimeSlots] Current time: 12/27/2025, 11:51:04 AM
page.tsx:1183 [TimeSlots] Selected date: 2025-12-27 Is today: true
page.tsx:1184 [TimeSlots] Day of week: 6
page.tsx:1216 [TimeSlots] Generated slots: 11
page.tsx:1182 [TimeSlots] Current time: 12/27/2025, 11:51:04 AM
page.tsx:1183 [TimeSlots] Selected date: 2025-12-27 Is today: true
page.tsx:1184 [TimeSlots] Day of week: 6
page.tsx:1216 [TimeSlots] Generated slots: 11
page.tsx:1182 [TimeSlots] Current time: 12/27/2025, 11:51:04 AM
page.tsx:1183 [TimeSlots] Selected date: 2025-12-27 Is today: true
page.tsx:1184 [TimeSlots] Day of week: 6
page.tsx:1216 [TimeSlots] Generated slots: 11
page.tsx:1182 [TimeSlots] Current time: 12/27/2025, 11:51:04 AM
page.tsx:1183 [TimeSlots] Selected date: 2025-12-27 Is today: true
page.tsx:1184 [TimeSlots] Day of week: 6
page.tsx:1216 [TimeSlots] Generated slots: 11
page.tsx:1058 [Checkout] Submit button clicked
page.tsx:1059 [Checkout] Form data: {firstName: 'Jimmy', lastName: 'Johnson', email: 'jimmy@esposure.gg', phone: '2146821800', pickupDate: '2025-12-27', …}
page.tsx:1060 [Checkout] Cart items: (2) [{…}, {…}]
page.tsx:1061 [Checkout] Pickup date: 2025-12-27
page.tsx:1062 [Checkout] Pickup time: 1:00 PM
page.tsx:1053 [Checkout] Validation errors: {}
page.tsx:1069 [Checkout] Form validation passed, creating order...
page.tsx:1098 [Checkout] Sending order data: {customer: {…}, pickupDate: '2025-12-27', pickupTime: '1:00 PM', specialInstructions: 'Pack separately', items: Array(2), …}
page.tsx:1182 [TimeSlots] Current time: 12/27/2025, 11:51:39 AM
page.tsx:1183 [TimeSlots] Selected date: 2025-12-27 Is today: true
page.tsx:1184 [TimeSlots] Day of week: 6
page.tsx:1216 [TimeSlots] Generated slots: 11
page.tsx:1182 [TimeSlots] Current time: 12/27/2025, 11:51:39 AM
page.tsx:1183 [TimeSlots] Selected date: 2025-12-27 Is today: true
page.tsx:1184 [TimeSlots] Day of week: 6
page.tsx:1216 [TimeSlots] Generated slots: 11
turbopack-hot-reloader-common.ts:43 [Fast Refresh] rebuilding
report-hmr-latency.ts:26 [Fast Refresh] done in 596ms
page.tsx:1107 [Checkout] API call duration: 2175.57421875 ms
page.tsx:1108 [Checkout] Response status: 200
page.tsx:1111 [Checkout] Response body: {success: true, order: {…}}
page.tsx:1117 [Checkout] Order created successfully: {id: 'b4f64681-c2d3-4927-89f1-e7607fc4eaf7', orderNumber: 'RSBMJOLKPXNBND', status: 'CONFIRMED', total: 39.67, pickupTime: '2025-12-26T19:00:00+00:00', …}
page.tsx:1182 [TimeSlots] Current time: 12/27/2025, 11:51:42 AM
page.tsx:1183 [TimeSlots] Selected date: 2025-12-27 Is today: true
page.tsx:1184 [TimeSlots] Day of week: 6
page.tsx:1216 [TimeSlots] Generated slots: 11
page.tsx:1182 [TimeSlots] Current time: 12/27/2025, 11:51:42 AM
page.tsx:1183 [TimeSlots] Selected date: 2025-12-27 Is today: true
page.tsx:1184 [TimeSlots] Day of week: 6
page.tsx:1216 [TimeSlots] Generated slots: 11
CloverPaymentForm.tsx:54 [CloverPayment] SDK URL: https://checkout.sandbox.dev.clover.com/sdk.js
CloverPaymentForm.tsx:55 [CloverPayment] API Key: 89d46b82...
CloverPaymentForm.tsx:56 [CloverPayment] Merchant ID: ES34M1BQ5HVQ1
CloverPaymentForm.tsx:73 [CloverPayment] Loading SDK from: https://checkout.sandbox.dev.clover.com/sdk.js
CloverPaymentForm.tsx:54 [CloverPayment] SDK URL: https://checkout.sandbox.dev.clover.com/sdk.js
CloverPaymentForm.tsx:55 [CloverPayment] API Key: 89d46b82...
CloverPaymentForm.tsx:56 [CloverPayment] Merchant ID: ES34M1BQ5HVQ1
CloverPaymentForm.tsx:73 [CloverPayment] Loading SDK from: https://checkout.sandbox.dev.clover.com/sdk.js
CloverPaymentForm.tsx:78 [CloverPayment] SDK loaded successfully
CloverPaymentForm.tsx:95 [CloverPayment] initializeClover called
CloverPaymentForm.tsx:96 [CloverPayment] API Key exists: true
CloverPaymentForm.tsx:97 [CloverPayment] window.Clover exists: true
CloverPaymentForm.tsx:98 [CloverPayment] mountedRef.current: false
CloverPaymentForm.tsx:106 [CloverPayment] Creating Clover instance with key: 89d46b82...
CloverPaymentForm.tsx:107 [CloverPayment] Merchant ID: ES34M1BQ5HVQ1
CloverPaymentForm.tsx:113 [CloverPayment] Clover instance created: true
CloverPaymentForm.tsx:115 [CloverPayment] Elements created: true
CloverPaymentForm.tsx:78 [CloverPayment] SDK loaded successfully
 [CloverPayment] initializeClover called
 [CloverPayment] API Key exists: true
 [CloverPayment] window.Clover exists: true
 [CloverPayment] mountedRef.current: true
 [CloverPayment] Skipping initialization
 [CloverPayment] Creating token...
 [CloverPayment] Clover instance: true
 [CloverPayment] Card complete states: {number: true, date: true, cvv: true, zip: true}
 [CloverPayment] Elements mounted: {cardNumber: true, cardDate: true, cardCvv: true, cardPostalCode: true}
 [CloverPayment] Token result (full): {card: {…}, token: 'clv_1TSTSTX5LeddBJnipr8X7u2D'}
 [CloverPayment] Token result keys: (2) ['card', 'token']
 [CloverPayment] Token result stringified: {
  "card": {
    "exp_month": "12",
    "exp_year": "2028",
    "first6": "411111",
    "last4": "1111",
    "brand": "VISA",
    "address_zip": "75154"
  },
  "token": "clv_1TSTSTX5LeddBJnipr8X7u2D"
}
 [Fast Refresh] rebuilding
 [Fast Refresh] done in 276ms
 Payment failed: 401 Unauthorized
error @ node_modules_next_di…_b0daae9a._.js:2360
handlePaymentError @ _79211083._.js:4027
handleSubmit @ _79211083._.js:2262
await in handleSubmit
executeDispatch @ node_modules_next_di…_1e674e59._.js:8965
runWithFiberInDEV @ node_modules_next_di…m_1e674e59._.js:886
processDispatchQueue @ node_modules_next_di…_1e674e59._.js:8991
(anonymous) @ node_modules_next_di…_1e674e59._.js:9286
batchedUpdates$1 @ node_modules_next_di…_1e674e59._.js:2211
dispatchEventForPluginEventSystem @ node_modules_next_di…_1e674e59._.js:9067
dispatchEvent @ node_modules_next_di…1e674e59._.js:11224
dispatchDiscreteEvent @ node_modules_next_di…1e674e59._.js:11206
<form>
exports.jsxDEV @ node_modules_0a536802._.js:203
CloverPaymentForm @ _79211083._.js:2397
react_stack_bottom_frame @ node_modules_next_di…1e674e59._.js:13072
renderWithHooksAgain @ node_modules_next_di…_1e674e59._.js:4146
renderWithHooks @ node_modules_next_di…_1e674e59._.js:4097
updateFunctionComponent @ node_modules_next_di…_1e674e59._.js:5523
beginWork @ node_modules_next_di…_1e674e59._.js:6111
runWithFiberInDEV @ node_modules_next_di…m_1e674e59._.js:886
performUnitOfWork @ node_modules_next_di…_1e674e59._.js:8298
workLoopSync @ node_modules_next_di…_1e674e59._.js:8190
renderRootSync @ node_modules_next_di…_1e674e59._.js:8173
performWorkOnRoot @ node_modules_next_di…_1e674e59._.js:7908
performWorkOnRootViaSchedulerTask @ node_modules_next_di…_1e674e59._.js:8882
performWorkUntilDeadline @ node_modules_next_di…_5150ccfd._.js:2601
<CloverPaymentForm>
exports.jsxDEV @ node_modules_0a536802._.js:203
OrderPageContent @ _79211083._.js:5943
react_stack_bottom_frame @ node_modules_next_di…1e674e59._.js:13072
renderWithHooksAgain @ node_modules_next_di…_1e674e59._.js:4146
renderWithHooks @ node_modules_next_di…_1e674e59._.js:4097
updateFunctionComponent @ node_modules_next_di…_1e674e59._.js:5523
beginWork @ node_modules_next_di…_1e674e59._.js:6111
runWithFiberInDEV @ node_modules_next_di…m_1e674e59._.js:886
performUnitOfWork @ node_modules_next_di…_1e674e59._.js:8298
workLoopSync @ node_modules_next_di…_1e674e59._.js:8190
renderRootSync @ node_modules_next_di…_1e674e59._.js:8173
performWorkOnRoot @ node_modules_next_di…_1e674e59._.js:7908
performWorkOnRootViaSchedulerTask @ node_modules_next_di…_1e674e59._.js:8882
performWorkUntilDeadline @ node_modules_next_di…_5150ccfd._.js:2601
